<?xml version="1.0" encoding="UTF-8"?>
<testng-results ignored="0" total="1" passed="1" failed="0" skipped="0">
  <reporter-output>
  </reporter-output>
  <suite started-at="2020-12-26T11:46:51 IST" name="Default suite" finished-at="2020-12-26T11:47:07 IST" duration-ms="15974">
    <groups>
    </groups>
    <test started-at="2020-12-26T11:46:51 IST" name="Default test" finished-at="2020-12-26T11:47:07 IST" duration-ms="15974">
      <class name="com.Testng.WrapperCallTestng">
        <test-method is-config="true" signature="beforeMethod()[pri:0, instance:com.Testng.WrapperCallTestng@61386958]" started-at="2020-12-26T11:46:51 IST" name="beforeMethod" finished-at="2020-12-26T11:47:02 IST" duration-ms="10602" status="PASS">
          <reporter-output>
          </reporter-output>
        </test-method> <!-- beforeMethod -->
        <test-method signature="f()[pri:0, instance:com.Testng.WrapperCallTestng@61386958]" started-at="2020-12-26T11:47:02 IST" name="f" finished-at="2020-12-26T11:47:07 IST" duration-ms="5265" status="PASS">
          <reporter-output>
          </reporter-output>
        </test-method> <!-- f -->
        <test-method is-config="true" signature="afterMethod()[pri:0, instance:com.Testng.WrapperCallTestng@61386958]" started-at="2020-12-26T11:47:07 IST" name="afterMethod" finished-at="2020-12-26T11:47:07 IST" duration-ms="75" status="PASS">
          <reporter-output>
          </reporter-output>
        </test-method> <!-- afterMethod -->
      </class> <!-- com.Testng.WrapperCallTestng -->
    </test> <!-- Default test -->
  </suite> <!-- Default suite -->
</testng-results>
