<?xml version="1.0" encoding="UTF-8"?>
<!-- Generated by org.testng.reporters.JUnitXMLReporter -->
<testsuite ignored="0" hostname="DESKTOP-S1MVL0H" failures="0" tests="6" name="Test" time="0.046" errors="0" timestamp="2020-12-26T11:20:35 IST">
  <testcase classname="com.Testng.ParallelExecution" name="Testcase1" time="0.01"/>
  <testcase classname="com.Testng.ParallelExecution1" name="Testcase4" time="0.01"/>
  <testcase classname="com.Testng.ParallelExecution1" name="Testcase5" time="0.001"/>
  <testcase classname="com.Testng.ParallelExecution" name="Testcase2" time="0.001"/>
  <testcase classname="com.Testng.ParallelExecution1" name="Testcase6" time="0.001"/>
  <testcase classname="com.Testng.ParallelExecution" name="Testcase3" time="0.002"/>
</testsuite> <!-- Test -->
